十月 26, 2020 6:45:52 下午 io.github.yedaxia.apidocs.LogUtils info
信息: info: find java src paths:  [C:\Users\kangm\Desktop\dspread\src\main\java\]
十月 26, 2020 6:45:52 下午 io.github.yedaxia.apidocs.LogUtils info
信息: info: project type not set, try to figure out...
十月 26, 2020 6:45:52 下午 io.github.yedaxia.apidocs.LogUtils info
信息: info: start find controllers in path : C:\Users\kangm\Desktop\dspread\src\main\java\
十月 26, 2020 6:45:52 下午 io.github.yedaxia.apidocs.LogUtils info
信息: info: find controller file : IndexController.java
十月 26, 2020 6:45:52 下午 io.github.yedaxia.apidocs.LogUtils info
信息: info: find controller file : MerchantController.java
十月 26, 2020 6:45:52 下午 io.github.yedaxia.apidocs.LogUtils info
信息: info: find controller file : UserController.java
十月 26, 2020 6:45:52 下午 io.github.yedaxia.apidocs.LogUtils info
信息: info: start to parse controller file : IndexController.java
十月 26, 2020 6:45:52 下午 io.github.yedaxia.apidocs.LogUtils info
信息: info: we think T should not be an enum type
十月 26, 2020 6:45:52 下午 io.github.yedaxia.apidocs.LogUtils warn
警告: warning!! Cannot find java file , in java file : C:\Users\kangm\Desktop\dspread\src\main\java\com\dspread\august\common\JsonResult.java, className : T, we cannot found more information of it, you've better to make it a JavaBean
十月 26, 2020 6:45:52 下午 io.github.yedaxia.apidocs.LogUtils info
信息: info: we think T should not be an enum type
十月 26, 2020 6:45:52 下午 io.github.yedaxia.apidocs.LogUtils warn
警告: warning!! Cannot find java file , in java file : C:\Users\kangm\Desktop\dspread\src\main\java\com\dspread\august\common\JsonResult.java, className : T, we cannot found more information of it, you've better to make it a JavaBean
十月 26, 2020 6:45:52 下午 io.github.yedaxia.apidocs.LogUtils info
信息: info: we think T should not be an enum type
十月 26, 2020 6:45:52 下午 io.github.yedaxia.apidocs.LogUtils warn
警告: warning!! Cannot find java file , in java file : C:\Users\kangm\Desktop\dspread\src\main\java\com\dspread\august\common\JsonResult.java, className : T, we cannot found more information of it, you've better to make it a JavaBean
十月 26, 2020 6:45:52 下午 io.github.yedaxia.apidocs.LogUtils info
信息: info: we think T should not be an enum type
十月 26, 2020 6:45:52 下午 io.github.yedaxia.apidocs.LogUtils warn
警告: warning!! Cannot find java file , in java file : C:\Users\kangm\Desktop\dspread\src\main\java\com\dspread\august\common\JsonResult.java, className : T, we cannot found more information of it, you've better to make it a JavaBean
十月 26, 2020 6:45:52 下午 io.github.yedaxia.apidocs.LogUtils info
信息: info: we think T should not be an enum type
十月 26, 2020 6:45:52 下午 io.github.yedaxia.apidocs.LogUtils warn
警告: warning!! Cannot find java file , in java file : C:\Users\kangm\Desktop\dspread\src\main\java\com\dspread\august\common\JsonResult.java, className : T, we cannot found more information of it, you've better to make it a JavaBean
十月 26, 2020 6:45:52 下午 io.github.yedaxia.apidocs.LogUtils info
信息: info: we think T should not be an enum type
十月 26, 2020 6:45:52 下午 io.github.yedaxia.apidocs.LogUtils warn
警告: warning!! Cannot find java file , in java file : C:\Users\kangm\Desktop\dspread\src\main\java\com\dspread\august\common\JsonResult.java, className : T, we cannot found more information of it, you've better to make it a JavaBean
十月 26, 2020 6:45:52 下午 io.github.yedaxia.apidocs.LogUtils info
信息: info: we think T should not be an enum type
十月 26, 2020 6:45:52 下午 io.github.yedaxia.apidocs.LogUtils warn
警告: warning!! Cannot find java file , in java file : C:\Users\kangm\Desktop\dspread\src\main\java\com\dspread\august\common\JsonResult.java, className : T, we cannot found more information of it, you've better to make it a JavaBean
十月 26, 2020 6:45:52 下午 io.github.yedaxia.apidocs.LogUtils info
信息: info: success to parse controller file : IndexController.java
十月 26, 2020 6:45:52 下午 io.github.yedaxia.apidocs.LogUtils info
信息: info: start to parse controller file : MerchantController.java
十月 26, 2020 6:45:52 下午 io.github.yedaxia.apidocs.LogUtils info
信息: info: we think T should not be an enum type
十月 26, 2020 6:45:52 下午 io.github.yedaxia.apidocs.LogUtils warn
警告: warning!! Cannot find java file , in java file : C:\Users\kangm\Desktop\dspread\src\main\java\com\dspread\august\common\JsonResult.java, className : T, we cannot found more information of it, you've better to make it a JavaBean
十月 26, 2020 6:45:52 下午 io.github.yedaxia.apidocs.LogUtils info
信息: info: we think T should not be an enum type
十月 26, 2020 6:45:52 下午 io.github.yedaxia.apidocs.LogUtils warn
警告: warning!! Cannot find java file , in java file : C:\Users\kangm\Desktop\dspread\src\main\java\com\dspread\august\common\JsonResult.java, className : T, we cannot found more information of it, you've better to make it a JavaBean
十月 26, 2020 6:45:52 下午 io.github.yedaxia.apidocs.LogUtils info
信息: info: we think T should not be an enum type
十月 26, 2020 6:45:52 下午 io.github.yedaxia.apidocs.LogUtils warn
警告: warning!! Cannot find java file , in java file : C:\Users\kangm\Desktop\dspread\src\main\java\com\dspread\august\common\JsonResult.java, className : T, we cannot found more information of it, you've better to make it a JavaBean
十月 26, 2020 6:45:52 下午 io.github.yedaxia.apidocs.LogUtils info
信息: info: we think T should not be an enum type
十月 26, 2020 6:45:52 下午 io.github.yedaxia.apidocs.LogUtils warn
警告: warning!! Cannot find java file , in java file : C:\Users\kangm\Desktop\dspread\src\main\java\com\dspread\august\common\JsonResult.java, className : T, we cannot found more information of it, you've better to make it a JavaBean
十月 26, 2020 6:45:52 下午 io.github.yedaxia.apidocs.LogUtils info
信息: info: success to parse controller file : MerchantController.java
十月 26, 2020 6:45:52 下午 io.github.yedaxia.apidocs.LogUtils info
信息: info: start to parse controller file : UserController.java
十月 26, 2020 6:45:52 下午 io.github.yedaxia.apidocs.LogUtils info
信息: info: we think T should not be an enum type
十月 26, 2020 6:45:52 下午 io.github.yedaxia.apidocs.LogUtils warn
警告: warning!! Cannot find java file , in java file : C:\Users\kangm\Desktop\dspread\src\main\java\com\dspread\august\common\JsonResult.java, className : T, we cannot found more information of it, you've better to make it a JavaBean
十月 26, 2020 6:45:52 下午 io.github.yedaxia.apidocs.LogUtils info
信息: info: we think T should not be an enum type
十月 26, 2020 6:45:52 下午 io.github.yedaxia.apidocs.LogUtils warn
警告: warning!! Cannot find java file , in java file : C:\Users\kangm\Desktop\dspread\src\main\java\com\dspread\august\common\JsonResult.java, className : T, we cannot found more information of it, you've better to make it a JavaBean
十月 26, 2020 6:45:52 下午 io.github.yedaxia.apidocs.LogUtils info
信息: info: we think T should not be an enum type
十月 26, 2020 6:45:52 下午 io.github.yedaxia.apidocs.LogUtils warn
警告: warning!! Cannot find java file , in java file : C:\Users\kangm\Desktop\dspread\src\main\java\com\dspread\august\common\JsonResult.java, className : T, we cannot found more information of it, you've better to make it a JavaBean
十月 26, 2020 6:45:52 下午 io.github.yedaxia.apidocs.LogUtils info
信息: info: success to parse controller file : UserController.java
十月 26, 2020 6:45:52 下午 io.github.yedaxia.apidocs.LogUtils info
信息: info: generate api docs start...
十月 26, 2020 6:45:52 下午 io.github.yedaxia.apidocs.LogUtils info
信息: info: start to generate docs for controller file : C:\Users\kangm\Desktop\dspread\src\main\java\com\dspread\august\controller\IndexController.java
十月 26, 2020 6:45:53 下午 io.github.yedaxia.apidocs.LogUtils info
信息: info: success to generate docs for controller file : C:\Users\kangm\Desktop\dspread\src\main\java\com\dspread\august\controller\IndexController.java
十月 26, 2020 6:45:53 下午 io.github.yedaxia.apidocs.LogUtils info
信息: info: start to generate docs for controller file : C:\Users\kangm\Desktop\dspread\src\main\java\com\dspread\august\controller\MerchantController.java
十月 26, 2020 6:45:53 下午 io.github.yedaxia.apidocs.LogUtils info
信息: info: success to generate docs for controller file : C:\Users\kangm\Desktop\dspread\src\main\java\com\dspread\august\controller\MerchantController.java
十月 26, 2020 6:45:53 下午 io.github.yedaxia.apidocs.LogUtils info
信息: info: start to generate docs for controller file : C:\Users\kangm\Desktop\dspread\src\main\java\com\dspread\august\controller\sharing\UserController.java
十月 26, 2020 6:45:53 下午 io.github.yedaxia.apidocs.LogUtils info
信息: info: success to generate docs for controller file : C:\Users\kangm\Desktop\dspread\src\main\java\com\dspread\august\controller\sharing\UserController.java
十月 26, 2020 6:45:53 下午 io.github.yedaxia.apidocs.LogUtils info
信息: info: generate index start !!!
十月 26, 2020 6:45:53 下午 io.github.yedaxia.apidocs.LogUtils info
信息: info: generate index done !!!
十月 26, 2020 6:45:53 下午 io.github.yedaxia.apidocs.LogUtils info
信息: info: generate api docs done !!!
